[2022-05-17T19:29:22.417Z] : [success]: Robot saved successfully

[2022-05-17T19:29:27.172Z] : [success]: Bot started

[2022-05-17T19:29:27.172Z] : [info]: Robot start

[2022-05-17T19:29:34.946Z] : [success]: Bot finished successfully, total execution time: 7s 771ms

[2022-05-17T19:29:34.948Z] : [info]: ---------------------------------------------

[2022-05-17T19:29:50.989Z] : [success]: Robot saved successfully

[2022-05-17T19:31:18.687Z] : [success]: Robot saved successfully

[2022-05-17T19:31:22.290Z] : [success]: Robot saved successfully

[2022-05-17T19:31:26.897Z] : [success]: Bot started

[2022-05-17T19:31:26.897Z] : [info]: Robot start

[2022-05-17T19:31:30.925Z] : [success]: Bot finished successfully, total execution time: 4s 25ms

[2022-05-17T19:31:30.927Z] : [info]: ---------------------------------------------

[2022-05-17T19:31:47.066Z] : [success]: Robot saved successfully

[2022-05-17T19:31:50.980Z] : [success]: Robot saved successfully

[2022-05-17T19:31:54.556Z] : [success]: Bot started

[2022-05-17T19:31:54.557Z] : [info]: Robot start

[2022-05-17T19:31:58.774Z] : [info]: Not valid

[2022-05-17T19:31:59.924Z] : [success]: Bot finished successfully, total execution time: 5s 365ms

[2022-05-17T19:31:59.926Z] : [info]: ---------------------------------------------

[2022-05-17T19:32:04.382Z] : [success]: Robot saved successfully

[2022-05-17T19:32:04.387Z] : [success]: Bot started

[2022-05-17T19:32:04.388Z] : [info]: Robot start

[2022-05-17T19:32:07.978Z] : [info]: Not valid

[2022-05-17T19:32:09.917Z] : [success]: Bot finished successfully, total execution time: 5s 527ms

[2022-05-17T19:32:09.919Z] : [info]: ---------------------------------------------

[2022-05-17T19:32:14.277Z] : [success]: Bot started

[2022-05-17T19:32:14.278Z] : [info]: Robot start

[2022-05-17T19:32:18.139Z] : [info]: Valid

[2022-05-17T19:32:19.945Z] : [success]: Bot finished successfully, total execution time: 5s 665ms

[2022-05-17T19:32:19.946Z] : [info]: ---------------------------------------------

[2022-05-17T19:33:15.440Z] : [success]: Robot saved successfully

[2022-05-17T19:34:10.597Z] : [success]: Robot saved successfully

[2022-05-17T19:34:20.072Z] : [success]: Robot saved successfully

[2022-05-17T19:34:54.645Z] : [success]: Robot saved successfully


  ==========================================
  Studio Pro version: 8.1.7
  Started at: 17/05/2022 17:31:53
  ==========================================
  

